Unity Editor version:    2022.3.17f1 (4fc78088f837)
Branch:                  2022.3/staging
Build type:              Release
Batch mode:              YES
macOS version:           Version 14.4.1 (Build 23E224)
Darwin version:          23.4.0
Architecture:            x86_64
Running under Rosetta:   NO
Available memory:        16384 MB
Using pre-set license
Pro License: YES

COMMAND LINE ARGUMENTS:
/Applications/Unity/Hub/Editor/2022.3.17f1/Unity.app/Contents/MacOS/Unity
-adb2
-batchMode
-noUpm
-name
AssetImportWorker2
-projectPath
/Users/anzhelika/Workspace/UnityProjects/2D_Platformer_Unity/2D_Platformer
-logFile
Logs/AssetImportWorker2.log
-srvPort
49807
Successfully changed project path to: /Users/anzhelika/Workspace/UnityProjects/2D_Platformer_Unity/2D_Platformer
/Users/anzhelika/Workspace/UnityProjects/2D_Platformer_Unity/2D_Platformer
[UnityMemory] Configuration Parameters - Can be set up in boot.config
    "memorysetup-bucket-allocator-granularity=16"
    "memorysetup-bucket-allocator-bucket-count=8"
    "memorysetup-bucket-allocator-block-size=33554432"
    "memorysetup-bucket-allocator-block-count=8"
    "memorysetup-main-allocator-block-size=16777216"
    "memorysetup-thread-allocator-block-size=16777216"
    "memorysetup-gfx-main-allocator-block-size=16777216"
    "memorysetup-gfx-thread-allocator-block-size=16777216"
    "memorysetup-cache-allocator-block-size=4194304"
    "memorysetup-typetree-allocator-block-size=2097152"
    "memorysetup-profiler-bucket-allocator-granularity=16"
    "memorysetup-profiler-bucket-allocator-bucket-count=8"
    "memorysetup-profiler-bucket-allocator-block-size=33554432"
    "memorysetup-profiler-bucket-allocator-block-count=8"
    "memorysetup-profiler-allocator-block-size=16777216"
    "memorysetup-profiler-editor-allocator-block-size=1048576"
    "memorysetup-temp-allocator-size-main=16777216"
    "memorysetup-job-temp-allocator-block-size=2097152"
    "memorysetup-job-temp-allocator-block-size-background=1048576"
    "memorysetup-job-temp-allocator-reduction-small-platforms=262144"
    "memorysetup-allocator-temp-initial-block-size-main=262144"
    "memorysetup-allocator-temp-initial-block-size-worker=262144"
    "memorysetup-temp-allocator-size-background-worker=32768"
    "memorysetup-temp-allocator-size-job-worker=262144"
    "memorysetup-temp-allocator-size-preload-manager=33554432"
    "memorysetup-temp-allocator-size-nav-mesh-worker=65536"
    "memorysetup-temp-allocator-size-audio-worker=65536"
    "memorysetup-temp-allocator-size-cloud-worker=32768"
    "memorysetup-temp-allocator-size-gi-baking-worker=262144"
    "memorysetup-temp-allocator-size-gfx=262144"
Player connection [140704375857408] Host "[IP] 10.0.0.69 [Port] 0 [Flags] 2 [Guid] 794514658 [EditorId] 794514658 [Version] 1048832 [Id] OSXEditor(0,Anzhelikas-MacBook-Pro.local) [Debug] 1 [PackageName] OSXEditor [ProjectName] Editor" joined multi-casting on [225.0.0.222:54997]...

Player connection [140704375857408] Host "[IP] 10.0.0.69 [Port] 0 [Flags] 2 [Guid] 794514658 [EditorId] 794514658 [Version] 1048832 [Id] OSXEditor(0,Anzhelikas-MacBook-Pro.local) [Debug] 1 [PackageName] OSXEditor [ProjectName] Editor" joined alternative multi-casting on [225.0.0.222:34997]...

[Physics::Module] Initialized MultithreadedJobDispatcher with 11 workers.
Refreshing native plugins compatible for Editor in 9.69 ms, found 3 plugins.
Preloading 0 native plugins for Editor in 0.00 ms.
Initialize engine version: 2022.3.17f1 (4fc78088f837)
[Subsystems] Discovering subsystems at path /Applications/Unity/Hub/Editor/2022.3.17f1/Unity.app/Contents/Resources/UnitySubsystems
[Subsystems] Discovering subsystems at path /Users/anzhelika/Workspace/UnityProjects/2D_Platformer_Unity/2D_Platformer/Assets
GfxDevice: creating device client; threaded=0; jobified=0
Color LCD preferred device: AMD Radeon Pro 560X (high power)
Metal devices available: 2
0: AMD Radeon Pro 560X (high power)
1: Intel(R) UHD Graphics 630 (low power)
Using device AMD Radeon Pro 560X (high power)
Initializing Metal device caps: AMD Radeon Pro 560X
Initialize mono
Mono path[0] = '/Applications/Unity/Hub/Editor/2022.3.17f1/Unity.app/Contents/Managed'
Mono path[1] = '/Applications/Unity/Hub/Editor/2022.3.17f1/Unity.app/Contents/MonoBleedingEdge/lib/mono/unityjit-macos'
Mono config path = '/Applications/Unity/Hub/Editor/2022.3.17f1/Unity.app/Contents/MonoBleedingEdge/etc'
Using monoOptions --debugger-agent=transport=dt_socket,embedding=1,server=y,suspend=n,address=127.0.0.1:56718
Begin MonoManager ReloadAssembly
Registering precompiled unity dll's ...
Register platform support module: /Applications/Unity/Hub/Editor/2022.3.17f1/PlaybackEngines/WebGLSupport/UnityEditor.WebGL.Extensions.dll
Register platform support module: /Applications/Unity/Hub/Editor/2022.3.17f1/Unity.app/Contents/PlaybackEngines/MacStandaloneSupport/UnityEditor.OSXStandalone.Extensions.dll
Registered in 0.002799 seconds.
- Loaded All Assemblies, in  0.578 seconds
Native extension for OSXStandalone target not found
Native extension for WebGL target not found
Mono: successfully reloaded assembly
- Finished resetting the current domain, in  0.488 seconds
Domain Reload Profiling: 1066ms
	BeginReloadAssembly (136ms)
		ExecutionOrderSort (0ms)
		DisableScriptedObjects (0ms)
		BackupInstance (0ms)
		ReleaseScriptingObjects (0ms)
		CreateAndSetChildDomain (1ms)
	RebuildCommonClasses (67ms)
	RebuildNativeTypeToScriptingClass (21ms)
	initialDomainReloadingComplete (88ms)
	LoadAllAssembliesAndSetupDomain (266ms)
		LoadAssemblies (136ms)
		RebuildTransferFunctionScriptingTraits (0ms)
		AnalyzeDomain (263ms)
			TypeCache.Refresh (260ms)
				TypeCache.ScanAssembly (237ms)
			ScanForSourceGeneratedMonoScriptInfo (1ms)
			ResolveRequiredComponents (1ms)
	FinalizeReload (489ms)
		ReleaseScriptCaches (0ms)
		RebuildScriptCaches (0ms)
		SetupLoadedEditorAssemblies (380ms)
			LogAssemblyErrors (0ms)
			InitializePlatformSupportModulesInManaged (14ms)
			SetLoadedEditorAssemblies (10ms)
			RefreshPlugins (0ms)
			BeforeProcessingInitializeOnLoad (4ms)
			ProcessInitializeOnLoadAttributes (273ms)
			ProcessInitializeOnLoadMethodAttributes (79ms)
			AfterProcessingInitializeOnLoad (0ms)
			EditorAssembliesLoaded (0ms)
		ExecutionOrderSort2 (0ms)
		AwakeInstancesAfterBackupRestoration (0ms)
========================================================================
Worker process is ready to serve import requests
Begin MonoManager ReloadAssembly
- Loaded All Assemblies, in  0.985 seconds
Refreshing native plugins compatible for Editor in 2.66 ms, found 3 plugins.
Native extension for OSXStandalone target not found
Native extension for WebGL target not found
Package Manager log level set to [2]
[Package Manager] Server::EnsureServerProcessIsRunning -- launch failed, reason: Unity was launched with the -noUpm command-line argument
[Package Manager] UpmClient::Send -- Unable to send message (not connected to UPM process).
[Package Manager] Cannot connect to Unity Package Manager local server
Mono: successfully reloaded assembly
- Finished resetting the current domain, in  1.126 seconds
Domain Reload Profiling: 2112ms
	BeginReloadAssembly (210ms)
		ExecutionOrderSort (0ms)
		DisableScriptedObjects (10ms)
		BackupInstance (0ms)
		ReleaseScriptingObjects (0ms)
		CreateAndSetChildDomain (43ms)
	RebuildCommonClasses (66ms)
	RebuildNativeTypeToScriptingClass (20ms)
	initialDomainReloadingComplete (66ms)
	LoadAllAssembliesAndSetupDomain (622ms)
		LoadAssemblies (410ms)
		RebuildTransferFunctionScriptingTraits (0ms)
		AnalyzeDomain (311ms)
			TypeCache.Refresh (264ms)
				TypeCache.ScanAssembly (241ms)
			ScanForSourceGeneratedMonoScriptInfo (36ms)
			ResolveRequiredComponents (9ms)
	FinalizeReload (1127ms)
		ReleaseScriptCaches (0ms)
		RebuildScriptCaches (0ms)
		SetupLoadedEditorAssemblies (840ms)
			LogAssemblyErrors (0ms)
			InitializePlatformSupportModulesInManaged (8ms)
			SetLoadedEditorAssemblies (8ms)
			RefreshPlugins (0ms)
			BeforeProcessingInitializeOnLoad (91ms)
			ProcessInitializeOnLoadAttributes (665ms)
			ProcessInitializeOnLoadMethodAttributes (66ms)
			AfterProcessingInitializeOnLoad (1ms)
			EditorAssembliesLoaded (0ms)
		ExecutionOrderSort2 (0ms)
		AwakeInstancesAfterBackupRestoration (7ms)
Launching external process: /Applications/Unity/Hub/Editor/2022.3.17f1/Unity.app/Contents/Tools/UnityShaderCompiler
Launched and connected shader compiler UnityShaderCompiler after 0.09 seconds
Refreshing native plugins compatible for Editor in 2.83 ms, found 3 plugins.
Preloading 0 native plugins for Editor in 0.00 ms.
Unloading 4027 Unused Serialized files (Serialized files now loaded: 0)
Unloading 70 unused Assets / (198.6 KB). Loaded Objects now: 4482.
Memory consumption went from 149.5 MB to 149.3 MB.
Total: 5.773584 ms (FindLiveObjects: 0.341882 ms CreateObjectMapping: 0.311911 ms MarkObjects: 4.806982 ms  DeleteObjects: 0.311703 ms)

AssetImportParameters requested are different than current active one (requested -> active):
  custom:container-demuxer-ogg: 62fdf1f143b41e24485cea50d1cbac27 -> 
  custom:video-decoder-ogg-theora: a1e56fd34408186e4bbccfd4996cb3dc -> 
  custom:CustomObjectIndexerAttribute: 6d391050e5a25f67b0a2c618074f2cd9 -> 
  custom:container-demuxer-webm: 4f35f7cbe854078d1ac9338744f61a02 -> 
  custom:container-muxer-webm: aa71ff27fc2769a1b78a27578f13a17b -> 
  custom:video-decoder-webm-vp8: 9c59270c3fd7afecdb556c50c9e8de78 -> 
  custom:SearchIndexIgnoredProperties: e643bd26f0fe6173181afceb89e7c659 -> 
  custom:AudioImporter_EditorPlatform: 3918e3fc78b5a79bad01e8451be0beb8 -> 
  custom:framework-osx-AVFoundation: e770b220cccbd017edd2c1fefb359320 -> 
  custom:video-encoder-webm-vp8: eb34c28f22e8b96e1ab97ce403110664 -> 
  custom:audio-decoder-ogg-vorbis: bf7c407c2cedff20999df2af8eb42d56 -> 
  custom:audio-encoder-webm-vorbis: bf7c407c2cedff20999df2af8eb42d56 -> 
========================================================================
Received Import Request.
  Time since last request: 1743.602664 seconds.
  path: Assets/Ninja Files/Ninja PNG/1024 pixel
  artifactKey: Guid(5808c548d45632c4c985f07a4dca014c) Importer(815301076,1909f56bfc062723c751e8b465ee728b)
Start importing Assets/Ninja Files/Ninja PNG/1024 pixel using Guid(5808c548d45632c4c985f07a4dca014c) Importer(815301076,1909f56bfc062723c751e8b465ee728b)  -> (artifact id: '5599e8c4fe31c4328c6c067be889e5f5') in 0.002440 seconds
Number of updated asset objects reloaded before import = 0
Number of asset objects unloaded after import = 0
========================================================================
Received Import Request.
  Time since last request: 2.395249 seconds.
  path: Assets/Ninja Files/Ninja PNG/1024 pixel/Sword
  artifactKey: Guid(f6bdba5aaf7d81d44badafb77b024555) Importer(815301076,1909f56bfc062723c751e8b465ee728b)
Start importing Assets/Ninja Files/Ninja PNG/1024 pixel/Sword using Guid(f6bdba5aaf7d81d44badafb77b024555) Importer(815301076,1909f56bfc062723c751e8b465ee728b)  -> (artifact id: '05d3187addf89ff09684aeee67d3b23a') in 0.000475 seconds
Number of updated asset objects reloaded before import = 0
Number of asset objects unloaded after import = 0
========================================================================
Received Import Request.
  Time since last request: 0.136271 seconds.
  path: Assets/Ninja Files/Ninja PNG/1024 pixel/Sword/SNinja_Atk 1.png
  artifactKey: Guid(79f5867319f0cb74a95194bb9d4f2df4) Importer(815301076,1909f56bfc062723c751e8b465ee728b)
Start importing Assets/Ninja Files/Ninja PNG/1024 pixel/Sword/SNinja_Atk 1.png using Guid(79f5867319f0cb74a95194bb9d4f2df4) Importer(815301076,1909f56bfc062723c751e8b465ee728b)  -> (artifact id: 'cfc3046a013147fe4808586b74007056') in 0.313201 seconds
Number of updated asset objects reloaded before import = 0
Number of asset objects unloaded after import = 3
========================================================================
Received Import Request.
  Time since last request: 0.000113 seconds.
  path: Assets/Ninja Files/Ninja PNG/1024 pixel/Sword/SNinja_jumpskill 7.png
  artifactKey: Guid(0b1d1c63e3fec6e4c882072d1aed98a1) Importer(815301076,1909f56bfc062723c751e8b465ee728b)
Start importing Assets/Ninja Files/Ninja PNG/1024 pixel/Sword/SNinja_jumpskill 7.png using Guid(0b1d1c63e3fec6e4c882072d1aed98a1) Importer(815301076,1909f56bfc062723c751e8b465ee728b)  -> (artifact id: 'd484c48cc85967a58804c7fbc1ec620d') in 0.017755 seconds
Number of updated asset objects reloaded before import = 0
Number of asset objects unloaded after import = 3
========================================================================
Received Import Request.
  Time since last request: 0.000251 seconds.
  path: Assets/Ninja Files/Ninja PNG/1024 pixel/Sword/SNinja_redsword 3.png
  artifactKey: Guid(85519c3af0606a44a9fa41d423b3aa68) Importer(815301076,1909f56bfc062723c751e8b465ee728b)
Start importing Assets/Ninja Files/Ninja PNG/1024 pixel/Sword/SNinja_redsword 3.png using Guid(85519c3af0606a44a9fa41d423b3aa68) Importer(815301076,1909f56bfc062723c751e8b465ee728b)  -> (artifact id: '2cbac7a1271e92f45552825506766db9') in 0.017657 seconds
Number of updated asset objects reloaded before import = 0
Number of asset objects unloaded after import = 3
========================================================================
Received Import Request.
  Time since last request: 0.000093 seconds.
  path: Assets/Ninja Files/Ninja PNG/1024 pixel/Sword/SNinja_jumpskill 2.png
  artifactKey: Guid(627080e5943702245b53e50c96623a63) Importer(815301076,1909f56bfc062723c751e8b465ee728b)
Start importing Assets/Ninja Files/Ninja PNG/1024 pixel/Sword/SNinja_jumpskill 2.png using Guid(627080e5943702245b53e50c96623a63) Importer(815301076,1909f56bfc062723c751e8b465ee728b)  -> (artifact id: '0d1c2b4a47e8d9879c773056faadf113') in 0.014813 seconds
Number of updated asset objects reloaded before import = 0
Number of asset objects unloaded after import = 3
========================================================================
Received Import Request.
  Time since last request: 1.170522 seconds.
  path: Assets/Ninja Files/Ninja PNG/1024 pixel/Sword/SNinja_run 01.png
  artifactKey: Guid(58d49204097241443aa7a30b0c9f9565) Importer(815301076,1909f56bfc062723c751e8b465ee728b)
Start importing Assets/Ninja Files/Ninja PNG/1024 pixel/Sword/SNinja_run 01.png using Guid(58d49204097241443aa7a30b0c9f9565) Importer(815301076,1909f56bfc062723c751e8b465ee728b)  -> (artifact id: 'ea2d82a8313ad102b22629da7c435e8a') in 0.017890 seconds
Number of updated asset objects reloaded before import = 0
Number of asset objects unloaded after import = 3
========================================================================
Received Import Request.
  Time since last request: 0.000071 seconds.
  path: Assets/Ninja Files/Ninja PNG/1024 pixel/Sword/SNinja_run 07.png
  artifactKey: Guid(15b90cb4caeeab943b70202f9f7a27f8) Importer(815301076,1909f56bfc062723c751e8b465ee728b)
Start importing Assets/Ninja Files/Ninja PNG/1024 pixel/Sword/SNinja_run 07.png using Guid(15b90cb4caeeab943b70202f9f7a27f8) Importer(815301076,1909f56bfc062723c751e8b465ee728b)  -> (artifact id: 'e66c9f7e0ab6a7d6fbb31893c4a8cf53') in 0.035393 seconds
Number of updated asset objects reloaded before import = 0
Number of asset objects unloaded after import = 3
========================================================================
Received Import Request.
  Time since last request: 0.000085 seconds.
  path: Assets/Ninja Files/Ninja PNG/1024 pixel/Sword/SNinja_run 06.png
  artifactKey: Guid(400fb6f27ca75ea46b693b26d21fc095) Importer(815301076,1909f56bfc062723c751e8b465ee728b)
Start importing Assets/Ninja Files/Ninja PNG/1024 pixel/Sword/SNinja_run 06.png using Guid(400fb6f27ca75ea46b693b26d21fc095) Importer(815301076,1909f56bfc062723c751e8b465ee728b)  -> (artifact id: 'c91f9382ab8bbfbedf2ff4b839f447ba') in 0.016193 seconds
Number of updated asset objects reloaded before import = 0
Number of asset objects unloaded after import = 3
========================================================================
Received Import Request.
  Time since last request: 0.000160 seconds.
  path: Assets/Ninja Files/Ninja PNG/1024 pixel/Sword/SNinja_run 09.png
  artifactKey: Guid(2f4894a46d16ac141b518ffb6acc54ad) Importer(815301076,1909f56bfc062723c751e8b465ee728b)
Start importing Assets/Ninja Files/Ninja PNG/1024 pixel/Sword/SNinja_run 09.png using Guid(2f4894a46d16ac141b518ffb6acc54ad) Importer(815301076,1909f56bfc062723c751e8b465ee728b)  -> (artifact id: 'ae0626edc7cb5c2afcb4b34b39098e13') in 0.021303 seconds
Number of updated asset objects reloaded before import = 0
Number of asset objects unloaded after import = 3
========================================================================
Received Import Request.
  Time since last request: 0.339245 seconds.
  path: Assets/Ninja Files/Ninja PNG/1024 pixel/Sword/SNinja_skill 1.png
  artifactKey: Guid(686e256a3cc7266409d480f5c00b8c60) Importer(815301076,1909f56bfc062723c751e8b465ee728b)
Start importing Assets/Ninja Files/Ninja PNG/1024 pixel/Sword/SNinja_skill 1.png using Guid(686e256a3cc7266409d480f5c00b8c60) Importer(815301076,1909f56bfc062723c751e8b465ee728b)  -> (artifact id: 'a52e63f0cfe2cd66e89c0a5b267406b7') in 0.023262 seconds
Number of updated asset objects reloaded before import = 0
Number of asset objects unloaded after import = 3
========================================================================
Received Import Request.
  Time since last request: 0.000066 seconds.
  path: Assets/Ninja Files/Ninja PNG/1024 pixel/Sword/SNinja_skill 7.png
  artifactKey: Guid(aecbd8e3f8c90a44894ec19f3d94175e) Importer(815301076,1909f56bfc062723c751e8b465ee728b)
Start importing Assets/Ninja Files/Ninja PNG/1024 pixel/Sword/SNinja_skill 7.png using Guid(aecbd8e3f8c90a44894ec19f3d94175e) Importer(815301076,1909f56bfc062723c751e8b465ee728b)  -> (artifact id: '544181102350a7d4a218138d1c0390af') in 0.021771 seconds
Number of updated asset objects reloaded before import = 0
Number of asset objects unloaded after import = 3
========================================================================
Received Import Request.
  Time since last request: 0.000114 seconds.
  path: Assets/Ninja Files/Ninja PNG/1024 pixel/Sword/SNinja_skill 5.png
  artifactKey: Guid(4f360ad7eba7e59459efeae233069769) Importer(815301076,1909f56bfc062723c751e8b465ee728b)
Start importing Assets/Ninja Files/Ninja PNG/1024 pixel/Sword/SNinja_skill 5.png using Guid(4f360ad7eba7e59459efeae233069769) Importer(815301076,1909f56bfc062723c751e8b465ee728b)  -> (artifact id: '702ebb2d11579b8d78777484a6db32ac') in 0.014548 seconds
Number of updated asset objects reloaded before import = 0
Number of asset objects unloaded after import = 3
========================================================================
Received Import Request.
  Time since last request: 0.000109 seconds.
  path: Assets/Ninja Files/Ninja PNG/1024 pixel/Sword/SNinja_strike 4.png
  artifactKey: Guid(d290d08c922619b448febd9360694b0b) Importer(815301076,1909f56bfc062723c751e8b465ee728b)
Start importing Assets/Ninja Files/Ninja PNG/1024 pixel/Sword/SNinja_strike 4.png using Guid(d290d08c922619b448febd9360694b0b) Importer(815301076,1909f56bfc062723c751e8b465ee728b)  -> (artifact id: '5db9e5884c39a5238d62962c0795a8d3') in 0.013769 seconds
Number of updated asset objects reloaded before import = 0
Number of asset objects unloaded after import = 3
========================================================================
Received Import Request.
  Time since last request: 0.207878 seconds.
  path: Assets/Ninja Files/Ninja PNG/1024 pixel/Sword/SNinja_strike 5.png
  artifactKey: Guid(c0d23ac2a4439e549b6097a114ea2ebb) Importer(815301076,1909f56bfc062723c751e8b465ee728b)
Start importing Assets/Ninja Files/Ninja PNG/1024 pixel/Sword/SNinja_strike 5.png using Guid(c0d23ac2a4439e549b6097a114ea2ebb) Importer(815301076,1909f56bfc062723c751e8b465ee728b)  -> (artifact id: '2328d1078944ed248f2d29e86b0c7e83') in 0.020538 seconds
Number of updated asset objects reloaded before import = 0
Number of asset objects unloaded after import = 3
========================================================================
Received Import Request.
  Time since last request: 0.000097 seconds.
  path: Assets/Ninja Files/Ninja PNG/1024 pixel/Sword/SNinja_strike 8.png
  artifactKey: Guid(24ce3856f7b904f43bd14f74c8527ade) Importer(815301076,1909f56bfc062723c751e8b465ee728b)
Start importing Assets/Ninja Files/Ninja PNG/1024 pixel/Sword/SNinja_strike 8.png using Guid(24ce3856f7b904f43bd14f74c8527ade) Importer(815301076,1909f56bfc062723c751e8b465ee728b)  -> (artifact id: 'cd5cbc9592f235c24f4e03bb91112e29') in 0.015080 seconds
Number of updated asset objects reloaded before import = 0
Number of asset objects unloaded after import = 3
========================================================================
Received Import Request.
  Time since last request: 0.000098 seconds.
  path: Assets/Ninja Files/Ninja PNG/1024 pixel/Sword/SNinja_swordidle 2.png
  artifactKey: Guid(b845a0c37b8d0d04d97cea4f43f30968) Importer(815301076,1909f56bfc062723c751e8b465ee728b)
Start importing Assets/Ninja Files/Ninja PNG/1024 pixel/Sword/SNinja_swordidle 2.png using Guid(b845a0c37b8d0d04d97cea4f43f30968) Importer(815301076,1909f56bfc062723c751e8b465ee728b)  -> (artifact id: '2ad52f1dd98062324edaf2a686e1c45e') in 0.021610 seconds
Number of updated asset objects reloaded before import = 0
Number of asset objects unloaded after import = 3
========================================================================
Received Import Request.
  Time since last request: 96.724165 seconds.
  path: Assets/Ninja Files/Ninja PNG/1024 pixel/No Sword/SNinja_nosword_crouch 1.png
  artifactKey: Guid(5dc8b2f4728d1da44bde3a26874dacaf) Importer(815301076,1909f56bfc062723c751e8b465ee728b)
Start importing Assets/Ninja Files/Ninja PNG/1024 pixel/No Sword/SNinja_nosword_crouch 1.png using Guid(5dc8b2f4728d1da44bde3a26874dacaf) Importer(815301076,1909f56bfc062723c751e8b465ee728b)  -> (artifact id: 'f5d13cdb0d984445e09ad3cc906b7803') in 0.021229 seconds
Number of updated asset objects reloaded before import = 0
Number of asset objects unloaded after import = 3
========================================================================
Received Import Request.
  Time since last request: 0.000081 seconds.
  path: Assets/Ninja Files/Ninja PNG/1024 pixel/No Sword/SNinja_nosword_idle 1.png
  artifactKey: Guid(f7a64e8b98bc63a44860ef42320f0bd6) Importer(815301076,1909f56bfc062723c751e8b465ee728b)
Start importing Assets/Ninja Files/Ninja PNG/1024 pixel/No Sword/SNinja_nosword_idle 1.png using Guid(f7a64e8b98bc63a44860ef42320f0bd6) Importer(815301076,1909f56bfc062723c751e8b465ee728b)  -> (artifact id: '3efbbd4205f9cdc3df4462a89e2b0fe3') in 0.034317 seconds
Number of updated asset objects reloaded before import = 0
Number of asset objects unloaded after import = 3
========================================================================
Received Import Request.
  Time since last request: 0.000132 seconds.
  path: Assets/Ninja Files/Ninja PNG/1024 pixel/No Sword/SNinja_nosword_crouchdash 2.png
  artifactKey: Guid(c15cb3a9937ef994ba5be09e0d8cfd47) Importer(815301076,1909f56bfc062723c751e8b465ee728b)
Start importing Assets/Ninja Files/Ninja PNG/1024 pixel/No Sword/SNinja_nosword_crouchdash 2.png using Guid(c15cb3a9937ef994ba5be09e0d8cfd47) Importer(815301076,1909f56bfc062723c751e8b465ee728b)  -> (artifact id: 'f5c9731485da538cb78bb1bea719f6f0') in 0.018984 seconds
Number of updated asset objects reloaded before import = 0
Number of asset objects unloaded after import = 3
========================================================================
Received Import Request.
  Time since last request: 0.000071 seconds.
  path: Assets/Ninja Files/Ninja PNG/1024 pixel/No Sword/SNinja_nosword_crouch 3.png
  artifactKey: Guid(673124222540ddf46b533d5061cb3786) Importer(815301076,1909f56bfc062723c751e8b465ee728b)
Start importing Assets/Ninja Files/Ninja PNG/1024 pixel/No Sword/SNinja_nosword_crouch 3.png using Guid(673124222540ddf46b533d5061cb3786) Importer(815301076,1909f56bfc062723c751e8b465ee728b)  -> (artifact id: '9729083611d5fc964d936943ba2e0106') in 0.016448 seconds
Number of updated asset objects reloaded before import = 0
Number of asset objects unloaded after import = 3
========================================================================
Received Import Request.
  Time since last request: 0.000125 seconds.
  path: Assets/Ninja Files/Ninja PNG/1024 pixel/No Sword/SNinja_nosword_run 06.png
  artifactKey: Guid(5c0e5ae7e42885c4dac5852dead77ac0) Importer(815301076,1909f56bfc062723c751e8b465ee728b)
Start importing Assets/Ninja Files/Ninja PNG/1024 pixel/No Sword/SNinja_nosword_run 06.png using Guid(5c0e5ae7e42885c4dac5852dead77ac0) Importer(815301076,1909f56bfc062723c751e8b465ee728b)  -> (artifact id: 'fd0368c4948d279a17f5474e89a70fab') in 0.013352 seconds
Number of updated asset objects reloaded before import = 0
Number of asset objects unloaded after import = 3
========================================================================
Received Import Request.
  Time since last request: 0.000076 seconds.
  path: Assets/Ninja Files/Ninja PNG/1024 pixel/No Sword/SNinja_nosword_run 08.png
  artifactKey: Guid(f90f87e4e790bb84fb59c0f90f38f453) Importer(815301076,1909f56bfc062723c751e8b465ee728b)
Start importing Assets/Ninja Files/Ninja PNG/1024 pixel/No Sword/SNinja_nosword_run 08.png using Guid(f90f87e4e790bb84fb59c0f90f38f453) Importer(815301076,1909f56bfc062723c751e8b465ee728b)  -> (artifact id: '9b99ca88f51a35493ffb4009aa1f4a98') in 0.015379 seconds
Number of updated asset objects reloaded before import = 0
Number of asset objects unloaded after import = 3
========================================================================
Received Import Request.
  Time since last request: 0.000078 seconds.
  path: Assets/Ninja Files/Ninja PNG/1024 pixel/No Sword/SNinja_nosword_jump 1.png
  artifactKey: Guid(31aedd535643c2e45b8db6e73e5462bc) Importer(815301076,1909f56bfc062723c751e8b465ee728b)
Start importing Assets/Ninja Files/Ninja PNG/1024 pixel/No Sword/SNinja_nosword_jump 1.png using Guid(31aedd535643c2e45b8db6e73e5462bc) Importer(815301076,1909f56bfc062723c751e8b465ee728b)  -> (artifact id: '209aa5fa0afe670af33e5fb76d49be91') in 0.013284 seconds
Number of updated asset objects reloaded before import = 0
Number of asset objects unloaded after import = 3
========================================================================
Received Import Request.
  Time since last request: 0.000111 seconds.
  path: Assets/Ninja Files/Ninja PNG/1024 pixel/No Sword/SNinja_nosword_run 05.png
  artifactKey: Guid(7fe28bd99decf2940ae3ac6c491e5385) Importer(815301076,1909f56bfc062723c751e8b465ee728b)
Start importing Assets/Ninja Files/Ninja PNG/1024 pixel/No Sword/SNinja_nosword_run 05.png using Guid(7fe28bd99decf2940ae3ac6c491e5385) Importer(815301076,1909f56bfc062723c751e8b465ee728b)  -> (artifact id: '2b8ab082edd976aa4430868446bd3b04') in 0.016473 seconds
Number of updated asset objects reloaded before import = 0
Number of asset objects unloaded after import = 3
========================================================================
Received Import Request.
  Time since last request: 0.000070 seconds.
  path: Assets/Ninja Files/Ninja PNG/1024 pixel/No Sword/SNinja_nosword_run 07.png
  artifactKey: Guid(8ca336f207ef0d24ca5a4849d8ddcf62) Importer(815301076,1909f56bfc062723c751e8b465ee728b)
Start importing Assets/Ninja Files/Ninja PNG/1024 pixel/No Sword/SNinja_nosword_run 07.png using Guid(8ca336f207ef0d24ca5a4849d8ddcf62) Importer(815301076,1909f56bfc062723c751e8b465ee728b)  -> (artifact id: 'f9a65fcd5eeb9b58be7e264d8e5a7276') in 0.015689 seconds
Number of updated asset objects reloaded before import = 0
Number of asset objects unloaded after import = 3
========================================================================
Received Import Request.
  Time since last request: 0.000070 seconds.
  path: Assets/Ninja Files/Ninja PNG/1024 pixel/No Sword/SNinja_nosword_idle 3.png
  artifactKey: Guid(e647312cc0e14604cbacfe4cc11e1e77) Importer(815301076,1909f56bfc062723c751e8b465ee728b)
Start importing Assets/Ninja Files/Ninja PNG/1024 pixel/No Sword/SNinja_nosword_idle 3.png using Guid(e647312cc0e14604cbacfe4cc11e1e77) Importer(815301076,1909f56bfc062723c751e8b465ee728b)  -> (artifact id: '3d814bbb7c1f22f3f6c4966fa022f0c1') in 0.016469 seconds
Number of updated asset objects reloaded before import = 0
Number of asset objects unloaded after import = 3
========================================================================
Received Import Request.
  Time since last request: 0.000094 seconds.
  path: Assets/Ninja Files/Ninja PNG/1024 pixel/No Sword/SNinja_nosword_run 02.png
  artifactKey: Guid(d77a09eb52d556345b58744f2885724f) Importer(815301076,1909f56bfc062723c751e8b465ee728b)
Start importing Assets/Ninja Files/Ninja PNG/1024 pixel/No Sword/SNinja_nosword_run 02.png using Guid(d77a09eb52d556345b58744f2885724f) Importer(815301076,1909f56bfc062723c751e8b465ee728b)  -> (artifact id: 'd975f0ff4397ed7cde348af7ef4dcb65') in 0.014627 seconds
Number of updated asset objects reloaded before import = 0
Number of asset objects unloaded after import = 3
========================================================================
Received Import Request.
  Time since last request: 0.000226 seconds.
  path: Assets/Ninja Files/Ninja PNG/1024 pixel/No Sword/SNinja_nosword_idle 5.png
  artifactKey: Guid(d1644ec357a800342ae3c099c09b552a) Importer(815301076,1909f56bfc062723c751e8b465ee728b)
Start importing Assets/Ninja Files/Ninja PNG/1024 pixel/No Sword/SNinja_nosword_idle 5.png using Guid(d1644ec357a800342ae3c099c09b552a) Importer(815301076,1909f56bfc062723c751e8b465ee728b)  -> (artifact id: '6c2d0fbd0bdf7d8bdd91b821015040ba') in 0.015905 seconds
Number of updated asset objects reloaded before import = 0
Number of asset objects unloaded after import = 3
========================================================================
Received Import Request.
  Time since last request: 0.000120 seconds.
  path: Assets/Ninja Files/Ninja PNG/1024 pixel/No Sword/SNinja_nosword_run 10.png
  artifactKey: Guid(9d4389f258f329144b116b01ac3340c7) Importer(815301076,1909f56bfc062723c751e8b465ee728b)
Start importing Assets/Ninja Files/Ninja PNG/1024 pixel/No Sword/SNinja_nosword_run 10.png using Guid(9d4389f258f329144b116b01ac3340c7) Importer(815301076,1909f56bfc062723c751e8b465ee728b)  -> (artifact id: '9612e22d72476929fd1f29ec2a035578') in 0.012311 seconds
Number of updated asset objects reloaded before import = 0
Number of asset objects unloaded after import = 3
========================================================================
Received Import Request.
  Time since last request: 22.832563 seconds.
  path: Assets/2D Pixel Art Platformer Biome - Plains/Atlas.spriteatlas
  artifactKey: Guid(73b7fbd841d808f419f70ebc75375c5c) Importer(815301076,1909f56bfc062723c751e8b465ee728b)
Start importing Assets/2D Pixel Art Platformer Biome - Plains/Atlas.spriteatlas using Guid(73b7fbd841d808f419f70ebc75375c5c) Importer(815301076,1909f56bfc062723c751e8b465ee728b)  -> (artifact id: 'fcdb0362b0b021f709470540b0c38d82') in 0.001871 seconds
Number of updated asset objects reloaded before import = 0
Number of asset objects unloaded after import = 1
========================================================================
Received Import Request.
  Time since last request: 0.000077 seconds.
  path: Assets/2D Pixel Art Platformer Biome - Plains/Sprites.png
  artifactKey: Guid(29e21165cb3ae334d969d4be634eaa9e) Importer(815301076,1909f56bfc062723c751e8b465ee728b)
Start importing Assets/2D Pixel Art Platformer Biome - Plains/Sprites.png using Guid(29e21165cb3ae334d969d4be634eaa9e) Importer(815301076,1909f56bfc062723c751e8b465ee728b)  -> (artifact id: 'cc95acafb28fe2cd3aa0abd8c591e2b7') in 0.315042 seconds
Number of updated asset objects reloaded before import = 0
Number of asset objects unloaded after import = 89
========================================================================
Received Import Request.
  Time since last request: 100.404880 seconds.
  path: Assets/2D Pixel Art Platformer Biome - Plains/Demo.unity
  artifactKey: Guid(01542b619b6debd4cad258966721d99c) Importer(815301076,1909f56bfc062723c751e8b465ee728b)
Start importing Assets/2D Pixel Art Platformer Biome - Plains/Demo.unity using Guid(01542b619b6debd4cad258966721d99c) Importer(815301076,1909f56bfc062723c751e8b465ee728b)  -> (artifact id: '0b17a4822a52bc0e25c845dfd6bad1c1') in 0.000926 seconds
Number of updated asset objects reloaded before import = 0
Number of asset objects unloaded after import = 0
========================================================================
Received Prepare
Begin MonoManager ReloadAssembly
- Loaded All Assemblies, in  0.713 seconds
Refreshing native plugins compatible for Editor in 2.79 ms, found 3 plugins.
Native extension for OSXStandalone target not found
Native extension for WebGL target not found
[Package Manager] Server::EnsureServerProcessIsRunning -- launch failed, reason: Unity was launched with the -noUpm command-line argument
[Package Manager] UpmClient::Send -- Unable to send message (not connected to UPM process).
[Package Manager] Cannot connect to Unity Package Manager local server
Mono: successfully reloaded assembly
- Finished resetting the current domain, in  1.559 seconds
Domain Reload Profiling: 2272ms
	BeginReloadAssembly (240ms)
		ExecutionOrderSort (0ms)
		DisableScriptedObjects (19ms)
		BackupInstance (0ms)
		ReleaseScriptingObjects (0ms)
		CreateAndSetChildDomain (80ms)
	RebuildCommonClasses (67ms)
	RebuildNativeTypeToScriptingClass (21ms)
	initialDomainReloadingComplete (40ms)
	LoadAllAssembliesAndSetupDomain (344ms)
		LoadAssemblies (421ms)
		RebuildTransferFunctionScriptingTraits (0ms)
		AnalyzeDomain (23ms)
			TypeCache.Refresh (9ms)
				TypeCache.ScanAssembly (0ms)
			ScanForSourceGeneratedMonoScriptInfo (0ms)
			ResolveRequiredComponents (10ms)
	FinalizeReload (1559ms)
		ReleaseScriptCaches (0ms)
		RebuildScriptCaches (0ms)
		SetupLoadedEditorAssemblies (827ms)
			LogAssemblyErrors (0ms)
			InitializePlatformSupportModulesInManaged (9ms)
			SetLoadedEditorAssemblies (7ms)
			RefreshPlugins (0ms)
			BeforeProcessingInitializeOnLoad (107ms)
			ProcessInitializeOnLoadAttributes (639ms)
			ProcessInitializeOnLoadMethodAttributes (62ms)
			AfterProcessingInitializeOnLoad (2ms)
			EditorAssembliesLoaded (0ms)
		ExecutionOrderSort2 (0ms)
		AwakeInstancesAfterBackupRestoration (20ms)
Refreshing native plugins compatible for Editor in 2.98 ms, found 3 plugins.
Preloading 0 native plugins for Editor in 0.00 ms.
Unloading 4021 Unused Serialized files (Serialized files now loaded: 0)
Unloading 42 unused Assets / (176.4 KB). Loaded Objects now: 4507.
Memory consumption went from 156.8 MB to 156.6 MB.
Total: 6.088665 ms (FindLiveObjects: 0.355338 ms CreateObjectMapping: 0.317953 ms MarkObjects: 4.971578 ms  DeleteObjects: 0.442546 ms)

Prepare: number of updated asset objects reloaded= 0
AssetImportParameters requested are different than current active one (requested -> active):
  custom:container-demuxer-ogg: 62fdf1f143b41e24485cea50d1cbac27 -> 
  custom:video-decoder-ogg-theora: a1e56fd34408186e4bbccfd4996cb3dc -> 
  custom:CustomObjectIndexerAttribute: 6d391050e5a25f67b0a2c618074f2cd9 -> 
  custom:container-demuxer-webm: 4f35f7cbe854078d1ac9338744f61a02 -> 
  custom:container-muxer-webm: aa71ff27fc2769a1b78a27578f13a17b -> 
  custom:video-decoder-webm-vp8: 9c59270c3fd7afecdb556c50c9e8de78 -> 
  custom:SearchIndexIgnoredProperties: e643bd26f0fe6173181afceb89e7c659 -> 
  custom:AudioImporter_EditorPlatform: 3918e3fc78b5a79bad01e8451be0beb8 -> 
  custom:framework-osx-AVFoundation: e770b220cccbd017edd2c1fefb359320 -> 
  custom:video-encoder-webm-vp8: eb34c28f22e8b96e1ab97ce403110664 -> 
  custom:audio-decoder-ogg-vorbis: bf7c407c2cedff20999df2af8eb42d56 -> 
  custom:audio-encoder-webm-vorbis: bf7c407c2cedff20999df2af8eb42d56 -> 
========================================================================
Received Import Request.
  Time since last request: 152.075892 seconds.
  path: Assets/2D Pixel Art Platformer Biome - Plains/ReadMe.pdf
  artifactKey: Guid(f74a37f2db9ae294797fff223d7694d7) Importer(815301076,1909f56bfc062723c751e8b465ee728b)
Start importing Assets/2D Pixel Art Platformer Biome - Plains/ReadMe.pdf using Guid(f74a37f2db9ae294797fff223d7694d7) Importer(815301076,1909f56bfc062723c751e8b465ee728b)  -> (artifact id: '58ffd45664ae0f26323fead2d1695bac') in 0.017566 seconds
Number of updated asset objects reloaded before import = 0
Number of asset objects unloaded after import = 1
